2025-03-17 16:41:00 | DEBUG | repo=pv243-javaee-7 | action=commit
2025-01-11 13:53:00 | WARN | repo=pv243-javaee-7 | action=test | passed=true
2025-03-26 21:41:00 | INFO | repo=pv243-javaee-7 | action=commit
2025-10-19 09:02:00 | INFO | repo=pv243-javaee-7 | action=commit
2025-04-28 17:16:00 | WARN | repo=pv243-javaee-7 | action=test | passed=true
2025-10-04 16:04:00 | DEBUG | repo=pv243-javaee-7 | action=commit
2025-09-08 21:45:00 | INFO | repo=pv243-javaee-7 | action=commit
2025-03-24 19:18:00 | INFO | repo=pv243-javaee-7 | action=commit
2025-06-04 21:58:00 | INFO | repo=pv243-javaee-7 | action=commit
2025-05-22 21:35:00 | INFO | repo=pv243-javaee-7 | action=commit
2025-11-19 18:17:00 | INFO | repo=pv243-javaee-7 | action=commit
2025-09-17 10:23:00 | WARN | repo=pv243-javaee-7 | action=commit
2025-09-26 07:42:00 | WARN | repo=pv243-javaee-7 | action=test | passed=true
2025-09-27 11:16:00 | INFO | repo=pv243-javaee-7 | action=commit
2025-04-25 18:47:00 | DEBUG | repo=pv243-javaee-7 | action=pull
2025-04-12 07:42:00 | WARN | repo=pv243-javaee-7 | action=commit
2025-06-08 15:30:00 | INFO | repo=pv243-javaee-7 | action=commit
2025-09-02 15:05:00 | DEBUG | repo=pv243-javaee-7 | action=commit
2025-07-17 13:20:00 | WARN | repo=pv243-javaee-7 | action=edit | files=5
2025-10-24 09:51:00 | WARN | repo=pv243-javaee-7 | action=commit
2025-02-18 09:52:00 | WARN | repo=pv243-javaee-7 | action=edit | files=4
2025-12-14 08:22:00 | DEBUG | repo=pv243-javaee-7 | action=commit
2025-11-03 17:59:00 | INFO | repo=pv243-javaee-7 | action=commit
2025-02-16 19:05:00 | WARN | repo=pv243-javaee-7 | action=commit
2025-03-10 10:18:00 | INFO | repo=pv243-javaee-7 | action=commit
2025-09-20 21:56:00 | DEBUG | repo=pv243-javaee-7 | action=pull
2025-04-25 19:00:00 | WARN | repo=pv243-javaee-7 | action=commit
2025-12-26 11:02:00 | DEBUG | repo=pv243-javaee-7 | action=commit
2025-11-05 07:15:00 | WARN | repo=pv243-javaee-7 | action=commit
2025-04-13 20:56:00 | INFO | repo=pv243-javaee-7 | action=commit
2025-03-12 18:40:00 | INFO | repo=pv243-javaee-7 | action=commit
2025-07-17 09:21:00 | INFO | repo=pv243-javaee-7 | action=test | passed=true
2025-09-27 20:46:00 | INFO | repo=pv243-javaee-7 | action=commit
2025-10-27 12:58:00 | WARN | repo=pv243-javaee-7 | action=commit
2025-05-21 12:52:00 | WARN | repo=pv243-javaee-7 | action=pull
2025-12-26 07:32:00 | WARN | repo=pv243-javaee-7 | action=commit
2025-06-25 09:49:00 | INFO | repo=pv243-javaee-7 | action=commit
2025-01-10 21:50:00 | WARN | repo=pv243-javaee-7 | action=commit
2025-03-05 19:02:00 | INFO | repo=pv243-javaee-7 | action=commit
2025-02-26 13:45:00 | INFO | repo=pv243-javaee-7 | action=commit
2025-01-08 10:06:00 | WARN | repo=pv243-javaee-7 | action=commit
2025-08-08 08:48:00 | INFO | repo=pv243-javaee-7 | action=commit
2025-10-07 20:26:00 | INFO | repo=pv243-javaee-7 | action=commit
2025-08-17 15:19:00 | INFO | repo=pv243-javaee-7 | action=commit
2025-11-10 19:49:00 | DEBUG | repo=pv243-javaee-7 | action=commit
2025-04-02 11:48:00 | DEBUG | repo=pv243-javaee-7 | action=commit
2025-04-14 10:05:00 | DEBUG | repo=pv243-javaee-7 | action=commit
2025-04-28 21:46:00 | WARN | repo=pv243-javaee-7 | action=commit
2025-12-22 10:27:00 | INFO | repo=pv243-javaee-7 | action=pull
2025-10-18 07:12:00 | DEBUG | repo=pv243-javaee-7 | action=commit
2025-02-07 11:45:00 | DEBUG | repo=pv243-javaee-7 | action=commit
2025-05-11 16:09:00 | INFO | repo=pv243-javaee-7 | action=commit
2025-11-11 07:25:00 | INFO | repo=pv243-javaee-7 | action=commit
2025-06-07 13:02:00 | DEBUG | repo=pv243-javaee-7 | action=commit
2025-07-07 18:42:00 | INFO | repo=pv243-javaee-7 | action=commit
2025-12-24 19:46:00 | DEBUG | repo=pv243-javaee-7 | action=commit
2025-06-22 11:10:00 | DEBUG | repo=pv243-javaee-7 | action=commit
